<?xml version="1.0" encoding="UTF-8"?>
<!-- Generated by org.testng.reporters.JUnitReportReporter -->
<testsuite hostname="DESKTOP-U8HGGCO" failures="0" tests="1" name="SumValidation" time="2.977" errors="0" timestamp="2022-02-11T17:02:54 IST" skipped="0">
  <testcase classname="SumValidation" name="sumOfCourses" time="2.977"/>
  <system-out/>
</testsuite> <!-- SumValidation -->
